[------------- Sending Request to Server ------------

<configEstimateImpact
cookie="1542466938/c0ded377-6d5d-4c9d-bd57-25b448a883d1">
    <inConfigs>
<pair key="org-root/org-PythonMaster">
    <orgOrg
    name="PythonMaster"
    dn="org-root/org-PythonMaster"
    
    status="created"
    
    sacl="addchild,del,mod">
    </orgOrg>
</pair>
    </inConfigs>
</configEstimateImpact>

<configConfMos
cookie="1542466938/c0ded377-6d5d-4c9d-bd57-25b448a883d1"
inHierarchical="false">
    <inConfigs>
<pair key="org-root/org-PythonMaster">
    <orgOrg
    name="PythonMaster"
    dn="org-root/org-PythonMaster"
    
    status="created"
    
    sacl="addchild,del,mod">
    </orgOrg>
</pair>
    </inConfigs>
</configConfMos>
-----------------------------------------------------]